h:\dropbox\_vu\src\cs301\app\app\debug\app.pch
h:\dropbox\_vu\src\cs301\app\app\debug\vc140.pdb
h:\dropbox\_vu\src\cs301\app\app\debug\vc140.idb
h:\dropbox\_vu\src\cs301\app\app\debug\stdafx.obj
h:\dropbox\_vu\src\cs301\app\app\debug\app.obj
g:\vu\cs301 - data structures\src\app\app\debug\app.pch
g:\vu\cs301 - data structures\src\app\app\debug\vc140.pdb
g:\vu\cs301 - data structures\src\app\app\debug\vc140.idb
g:\vu\cs301 - data structures\src\app\app\debug\stdafx.obj
g:\vu\cs301 - data structures\src\app\app\debug\app.obj
g:\vu\cs301 - data structures\src\app\app\debug\l01_array_app.obj
g:\vu\cs301 - data structures\src\app\app\debug\l01_02_list.obj
g:\vu\cs301 - data structures\src\app\app\debug\l01_01_array.obj
h:\dropbox\_vu\src\cs301\app\debug\app.ilk
h:\dropbox\_vu\src\cs301\app\debug\app.exe
h:\dropbox\_vu\src\cs301\app\debug\app.pdb
g:\vu\cs301 - data structures\src\app\debug\app.ilk
g:\vu\cs301 - data structures\src\app\debug\app.exe
g:\vu\cs301 - data structures\src\app\debug\app.pdb
g:\vu\cs301 - data structures\src\app\app\debug\app.tlog\cl.command.1.tlog
g:\vu\cs301 - data structures\src\app\app\debug\app.tlog\cl.read.1.tlog
g:\vu\cs301 - data structures\src\app\app\debug\app.tlog\cl.write.1.tlog
g:\vu\cs301 - data structures\src\app\app\debug\app.tlog\link.command.1.tlog
g:\vu\cs301 - data structures\src\app\app\debug\app.tlog\link.read.1.tlog
g:\vu\cs301 - data structures\src\app\app\debug\app.tlog\link.write.1.tlog
